0 info it worked if it ends with ok
1 verbose cli [ '/usr/local/bin/node', '/usr/local/bin/npm', 'start' ]
2 info using npm@4.0.3
3 info using node@v4.6.0
4 verbose run-script [ 'prestart', 'start', 'poststart' ]
5 info lifecycle devlogger@1.0.0~prestart: devlogger@1.0.0
6 silly lifecycle devlogger@1.0.0~prestart: no script for prestart, continuing
7 info lifecycle devlogger@1.0.0~start: devlogger@1.0.0
8 verbose lifecycle devlogger@1.0.0~start: unsafe-perm in lifecycle true
9 verbose lifecycle devlogger@1.0.0~start: PATH: /usr/local/lib/node_modules/npm/bin/node-gyp-bin:/Users/CAllen/WebstormProjects/devchat/public/node_modules/.bin:/Users/callen/.rvm/gems/ruby-2.3.0/bin:/Users/callen/.rvm/gems/ruby-2.3.0@global/bin:/Users/callen/.rvm/rubies/ruby-2.3.0/bin:/Users/CAllen/google-cloud-sdk/bin:/usr/local/bin:/usr/bin:/bin:/usr/sbin:/sbin:/Users/callen/.rvm/bin
10 verbose lifecycle devlogger@1.0.0~start: CWD: /Users/CAllen/WebstormProjects/devchat/public
11 silly lifecycle devlogger@1.0.0~start: Args: [ '-c', 'tsc && concurrently "tsc -w" "lite-server" ' ]
12 silly lifecycle devlogger@1.0.0~start: Returned: code: 2  signal: null
13 info lifecycle devlogger@1.0.0~start: Failed to exec start script
14 verbose stack Error: devlogger@1.0.0 start: `tsc && concurrently "tsc -w" "lite-server" `
14 verbose stack Exit status 2
14 verbose stack     at EventEmitter.<anonymous> (/usr/local/lib/node_modules/npm/lib/utils/lifecycle.js:279:16)
14 verbose stack     at emitTwo (events.js:87:13)
14 verbose stack     at EventEmitter.emit (events.js:172:7)
14 verbose stack     at ChildProcess.<anonymous> (/usr/local/lib/node_modules/npm/lib/utils/spawn.js:40:14)
14 verbose stack     at emitTwo (events.js:87:13)
14 verbose stack     at ChildProcess.emit (events.js:172:7)
14 verbose stack     at maybeClose (internal/child_process.js:829:16)
14 verbose stack     at Process.ChildProcess._handle.onexit (internal/child_process.js:211:5)
15 verbose pkgid devlogger@1.0.0
16 verbose cwd /Users/CAllen/WebstormProjects/devchat/public
17 error Darwin 15.5.0
18 error argv "/usr/local/bin/node" "/usr/local/bin/npm" "start"
19 error node v4.6.0
20 error npm  v4.0.3
21 error code ELIFECYCLE
22 error devlogger@1.0.0 start: `tsc && concurrently "tsc -w" "lite-server" `
22 error Exit status 2
23 error Failed at the devlogger@1.0.0 start script 'tsc && concurrently "tsc -w" "lite-server" '.
23 error Make sure you have the latest version of node.js and npm installed.
23 error If you do, this is most likely a problem with the devlogger package,
23 error not with npm itself.
23 error Tell the author that this fails on your system:
23 error     tsc && concurrently "tsc -w" "lite-server"
23 error You can get information on how to open an issue for this project with:
23 error     npm bugs devlogger
23 error Or if that isn't available, you can get their info via:
23 error     npm owner ls devlogger
23 error There is likely additional logging output above.
24 verbose exit [ 1, true ]
